<?xml version="1.0" encoding="UTF-8"?>

<web-app xmlns="http://xmlns.jcp.org/xml/ns/javaee"
      xmlns:xsi="http://www.w3.org/2001/XMLSchema-instance"
      xsi:schemaLocation="http://xmlns.jcp.org/xml/ns/javaee http://xmlns.jcp.org/xml/ns/javaee/web-app_3_1.xsd"
      version="3.1">

  <context-param>
    <param-name>minsky.camera.tir.rgbpath.default</param-name>
    <param-value>mlx90640-0.rgb</param-value>
  </context-param>

  <context-param>
    <param-name>minsky.camera.tir.fltpath.default</param-name>
    <param-value>mlx90640-0.flt</param-value>
  </context-param>

  <context-param>
    <param-name>minsky.camera.colour.jpgpath.default</param-name>
    <param-value>sample.jpg</param-value>
  </context-param>


<!-- processes to launch, e.g. to run the TIR camera -->

  <context-param>
    <param-name>minsky.process.camera.tir.default</param-name>
    <param-value></param-value>
  </context-param>

  <context-param>
    <param-name>minsky.process.camera.colour.default</param-name>
    <param-value></param-value>
  </context-param>


  <servlet>
     <servlet-name>props</servlet-name>
     <servlet-class>minskyone.servlet.Props</servlet-class>
  </servlet>
  <servlet-mapping>
     <servlet-name>props</servlet-name>
     <url-pattern>/props/*</url-pattern>
  </servlet-mapping>   

  <servlet>
     <servlet-name>camera</servlet-name>
     <servlet-class>minskyone.servlet.Camera</servlet-class>
  </servlet>
  <servlet-mapping>
     <servlet-name>camera</servlet-name>
     <url-pattern>/camera/*</url-pattern>
  </servlet-mapping>  

  <servlet>
     <servlet-name>histogram</servlet-name>
     <servlet-class>minskyone.servlet.Histogram</servlet-class>
  </servlet>
  <servlet-mapping>
     <servlet-name>histogram</servlet-name>
     <url-pattern>/histogram/*</url-pattern>
  </servlet-mapping>  

 <login-config>
    <auth-method>FORM</auth-method>
    <realm-name>Test JAAS Realm</realm-name>
    <form-login-config>
      <form-login-page>
        /logon.html
      </form-login-page>
      <form-error-page>
        /authfail.html
      </form-error-page>
    </form-login-config>
  </login-config>


  <security-constraint>
    <web-resource-collection>
      <web-resource-name>JAAS Role</web-resource-name>
      <!-- url-pattern>/auth.html</url-pattern -->
      <url-pattern>/authorised/*</url-pattern>
    </web-resource-collection>
    <auth-constraint>
      <role-name>roleA</role-name>
    </auth-constraint>
  </security-constraint>

  <security-role>
    <role-name>roleA</role-name>
  </security-role>
</web-app>